IQ-TREE multicore version 1.6.12 for Linux 64-bit built Aug 15 2019
Developed by Bui Quang Minh, Nguyen Lam Tung, Olga Chernomor,
Heiko Schmidt, Dominik Schrempf, Michael Woodhams.

Host:    jupyter (AVX, FMA3, 503 GB RAM)
Command: /opt/iqtree/iqtree-1.6.12-Linux/bin/iqtree -s /opt/jupyterhub/shared_notebooks/m-group/ALI/MG_stuff/RR_bioinformatics/TCSplayground/Alphaproteobacteria_subcluster/CDS/Alphaproteobacteria_subcluster_CDS_REC_model9.afa -m TVM+F+I+G4 -o GCF_000169415-1-SSE37_RS08100 -redo -bb 1000
Seed:    368825 (Using SPRNG - Scalable Parallel Random Number Generator)
Time:    Fri Aug 19 09:34:55 2022
Kernel:  AVX+FMA - 1 threads (64 CPU cores detected)

HINT: Use -nt option to specify number of threads because your CPU has 64 cores!
HINT: -nt AUTO will automatically determine the best number of threads to use.

Reading alignment file /opt/jupyterhub/shared_notebooks/m-group/ALI/MG_stuff/RR_bioinformatics/TCSplayground/Alphaproteobacteria_subcluster/CDS/Alphaproteobacteria_subcluster_CDS_REC_model9.afa ... Fasta format detected
Alignment most likely contains DNA/RNA sequences
Alignment has 15 sequences with 393 columns, 279 distinct patterns
232 parsimony-informative, 27 singleton sites, 134 constant sites
                                Gap/Ambiguity  Composition  p-value
   1  GCF_000421265.1-K355_RS0117460   16.03%    passed     23.26%
   2  GCF_000423645-1-G568_RS0108480   16.03%    passed     13.22%
   3  GCF_000169415-1-SSE37_RS08100    16.03%    passed     12.87%
   4  GCF_900110775-1-BSF79_RS18365    16.03%    failed      0.12%
   5  GCF_000423645-1-G568_RS0115095   16.03%    passed     63.59%
   6  GCF_900110775-1-BSF79_RS15930    16.03%    passed     32.26%
   7  GCF_000169415-1-SSE37_RS16260    16.03%    passed     94.02%
   8  GCF_000442315-1-RUTHE_RS05685    16.03%    passed     44.57%
   9  GCF_001870665-2-BG454_RS09765    16.03%    passed     77.35%
  10  GCF_002208825-2-CEP68_RS17635    16.03%    failed      1.99%
  11  GCF_001687365-1-ADU59_RS12685    16.03%    passed      5.96%
  12  GCF_001870665-2-BG454_RS16400    16.03%    passed     84.96%
  13  GCF_001687365-1-ADU59_RS19520    16.03%    passed     69.75%
  14  GCF_000421265-1-K355_RS0119855   16.03%    passed     28.45%
  15  GCF_000374005-1-B152_RS0108145   16.03%    failed      0.00%
****  TOTAL                            16.03%  3 sequences failed composition chi2 test (p-value<5%; df=3)

Create initial parsimony tree by phylogenetic likelihood library (PLL)... 0.001 seconds
Generating 1000 samples for ultrafast bootstrap (seed: 368825)...

NOTE: 1 MB RAM (0 GB) is required!
Estimate model parameters (epsilon = 0.100)
Thoroughly optimizing +I+G parameters from 10 start values...
Init pinv, alpha: 0.000, 1.000 / Estimate: 0.000, 0.681 / LogL: -4318.564
Init pinv, alpha: 0.038, 1.000 / Estimate: 0.215, 2.618 / LogL: -4297.002
Init pinv, alpha: 0.076, 1.000 / Estimate: 0.215, 2.590 / LogL: -4297.044
Init pinv, alpha: 0.114, 1.000 / Estimate: 0.214, 2.584 / LogL: -4297.043
Init pinv, alpha: 0.152, 1.000 / Estimate: 0.215, 2.595 / LogL: -4297.007
Init pinv, alpha: 0.189, 1.000 / Estimate: 0.215, 2.616 / LogL: -4297.002
Init pinv, alpha: 0.227, 1.000 / Estimate: 0.215, 2.598 / LogL: -4297.024
Init pinv, alpha: 0.265, 1.000 / Estimate: 0.216, 2.630 / LogL: -4297.004
Init pinv, alpha: 0.303, 1.000 / Estimate: 0.216, 2.638 / LogL: -4297.000
Init pinv, alpha: 0.341, 1.000 / Estimate: 0.216, 2.649 / LogL: -4296.997
Optimal pinv,alpha: 0.216, 2.649 / LogL: -4296.997

Parameters optimization took 0.919 sec
Computing ML distances based on estimated model parameters... 0.003 sec
Computing BIONJ tree...
0.000 seconds
Log-likelihood of BIONJ tree: -4282.183
--------------------------------------------------------------------
|             INITIALIZING CANDIDATE TREE SET                      |
--------------------------------------------------------------------
Generating 98 parsimony trees... 0.111 second
Computing log-likelihood of 97 initial trees ... 0.420 seconds
Current best score: -4281.831

Do NNI search on 20 best initial trees
Estimate model parameters (epsilon = 0.100)
BETTER TREE FOUND at iteration 1: -4280.679
Estimate model parameters (epsilon = 0.100)
UPDATE BEST LOG-LIKELIHOOD: -4280.487
Iteration 10 / LogL: -4286.189 / Time: 0h:0m:1s
Iteration 20 / LogL: -4280.895 / Time: 0h:0m:2s
Finish initializing candidate tree set (7)
Current best tree score: -4280.487 / CPU time: 1.301
Number of iterations: 20
--------------------------------------------------------------------
|               OPTIMIZING CANDIDATE TREE SET                      |
--------------------------------------------------------------------
Iteration 30 / LogL: -4280.533 / Time: 0h:0m:2s (0h:0m:6s left)
Iteration 40 / LogL: -4280.520 / Time: 0h:0m:3s (0h:0m:5s left)
Iteration 50 / LogL: -4281.629 / Time: 0h:0m:3s (0h:0m:4s left)
Log-likelihood cutoff on original alignment: -4298.957
Iteration 60 / LogL: -4280.920 / Time: 0h:0m:4s (0h:0m:3s left)
Iteration 70 / LogL: -4281.011 / Time: 0h:0m:5s (0h:0m:2s left)
Iteration 80 / LogL: -4280.573 / Time: 0h:0m:5s (0h:0m:1s left)
Iteration 90 / LogL: -4281.025 / Time: 0h:0m:6s (0h:0m:0s left)
Iteration 100 / LogL: -4280.497 / Time: 0h:0m:6s (0h:0m:0s left)
Log-likelihood cutoff on original alignment: -4298.517
NOTE: Bootstrap correlation coefficient of split occurrence frequencies: 0.999
TREE SEARCH COMPLETED AFTER 102 ITERATIONS / Time: 0h:0m:6s

--------------------------------------------------------------------
|                    FINALIZING TREE SEARCH                        |
--------------------------------------------------------------------
Performs final model parameters optimization
Estimate model parameters (epsilon = 0.010)
1. Initial log-likelihood: -4280.487
Optimal log-likelihood: -4280.487
Rate parameters:  A-C: 3.73269  A-G: 5.96958  A-T: 1.83851  C-G: 5.59190  C-T: 5.96958  G-T: 1.00000
Base frequencies:  A: 0.198  C: 0.274  G: 0.318  T: 0.210
Proportion of invariable sites: 0.214
Gamma shape alpha: 2.765
Parameters optimization took 1 rounds (0.011 sec)
BEST SCORE FOUND : -4280.487
Creating bootstrap support values...
Split supports printed to NEXUS file /opt/jupyterhub/shared_notebooks/m-group/ALI/MG_stuff/RR_bioinformatics/TCSplayground/Alphaproteobacteria_subcluster/CDS/Alphaproteobacteria_subcluster_CDS_REC_model9.afa.splits.nex
Total tree length: 5.727

Total number of iterations: 102
CPU time used for tree search: 5.867 sec (0h:0m:5s)
Wall-clock time used for tree search: 5.874 sec (0h:0m:5s)
Total CPU time used: 6.868 sec (0h:0m:6s)
Total wall-clock time used: 6.885 sec (0h:0m:6s)

Computing bootstrap consensus tree...
Reading input file /opt/jupyterhub/shared_notebooks/m-group/ALI/MG_stuff/RR_bioinformatics/TCSplayground/Alphaproteobacteria_subcluster/CDS/Alphaproteobacteria_subcluster_CDS_REC_model9.afa.splits.nex...
15 taxa and 132 splits.
Consensus tree written to /opt/jupyterhub/shared_notebooks/m-group/ALI/MG_stuff/RR_bioinformatics/TCSplayground/Alphaproteobacteria_subcluster/CDS/Alphaproteobacteria_subcluster_CDS_REC_model9.afa.contree
Reading input trees file /opt/jupyterhub/shared_notebooks/m-group/ALI/MG_stuff/RR_bioinformatics/TCSplayground/Alphaproteobacteria_subcluster/CDS/Alphaproteobacteria_subcluster_CDS_REC_model9.afa.contree
Log-likelihood of consensus tree: -4280.826

Analysis results written to: 
  IQ-TREE report:                /opt/jupyterhub/shared_notebooks/m-group/ALI/MG_stuff/RR_bioinformatics/TCSplayground/Alphaproteobacteria_subcluster/CDS/Alphaproteobacteria_subcluster_CDS_REC_model9.afa.iqtree
  Maximum-likelihood tree:       /opt/jupyterhub/shared_notebooks/m-group/ALI/MG_stuff/RR_bioinformatics/TCSplayground/Alphaproteobacteria_subcluster/CDS/Alphaproteobacteria_subcluster_CDS_REC_model9.afa.treefile
  Likelihood distances:          /opt/jupyterhub/shared_notebooks/m-group/ALI/MG_stuff/RR_bioinformatics/TCSplayground/Alphaproteobacteria_subcluster/CDS/Alphaproteobacteria_subcluster_CDS_REC_model9.afa.mldist

Ultrafast bootstrap approximation results written to:
  Split support values:          /opt/jupyterhub/shared_notebooks/m-group/ALI/MG_stuff/RR_bioinformatics/TCSplayground/Alphaproteobacteria_subcluster/CDS/Alphaproteobacteria_subcluster_CDS_REC_model9.afa.splits.nex
  Consensus tree:                /opt/jupyterhub/shared_notebooks/m-group/ALI/MG_stuff/RR_bioinformatics/TCSplayground/Alphaproteobacteria_subcluster/CDS/Alphaproteobacteria_subcluster_CDS_REC_model9.afa.contree
  Screen log file:               /opt/jupyterhub/shared_notebooks/m-group/ALI/MG_stuff/RR_bioinformatics/TCSplayground/Alphaproteobacteria_subcluster/CDS/Alphaproteobacteria_subcluster_CDS_REC_model9.afa.log

Date and Time: Fri Aug 19 09:35:02 2022
