IQ-TREE multicore version 1.6.12 for Linux 64-bit built Aug 15 2019
Developed by Bui Quang Minh, Nguyen Lam Tung, Olga Chernomor,
Heiko Schmidt, Dominik Schrempf, Michael Woodhams.

Host:    jupyter (AVX, FMA3, 503 GB RAM)
Command: /opt/iqtree/iqtree-1.6.12-Linux/bin/iqtree -s /opt/jupyterhub/shared_notebooks/m-group/ALI/MG_stuff/RR_bioinformatics/TCSplayground/Alphaproteobacteria_subcluster/CDS/Alphaproteobacteria_subcluster_CDS_REC_model4.afa -m TVM+F+I+G4 -o GCF_000169415-1-SSE37_RS08100 -redo -bb 1000
Seed:    446051 (Using SPRNG - Scalable Parallel Random Number Generator)
Time:    Fri Aug 19 08:52:43 2022
Kernel:  AVX+FMA - 1 threads (64 CPU cores detected)

HINT: Use -nt option to specify number of threads because your CPU has 64 cores!
HINT: -nt AUTO will automatically determine the best number of threads to use.

Reading alignment file /opt/jupyterhub/shared_notebooks/m-group/ALI/MG_stuff/RR_bioinformatics/TCSplayground/Alphaproteobacteria_subcluster/CDS/Alphaproteobacteria_subcluster_CDS_REC_model4.afa ... Fasta format detected
Alignment most likely contains DNA/RNA sequences
Alignment has 29 sequences with 441 columns, 363 distinct patterns
285 parsimony-informative, 55 singleton sites, 101 constant sites
                                Gap/Ambiguity  Composition  p-value
   1  GCF_000421265.1-K355_RS0117460   25.17%    passed     21.58%
   2  GCF_000021325-1-GDIA_RS09815     25.17%    failed      1.42%
   3  GCF_000423645-1-G568_RS0108480   25.17%    passed     10.42%
   4  GCF_000169415-1-SSE37_RS08100    25.17%    passed     14.29%
   5  GCF_900110775-1-BSF79_RS18365    25.17%    failed      0.04%
   6  GCF_000017565-1-PLAV_RS12075     25.17%    passed     99.24%
   7  GCF_000017565-1-PLAV_RS12070     25.17%    passed     37.81%
   8  GCF_000017565-1-PLAV_RS11965     25.17%    passed     46.17%
   9  GCF_000017565-1-PLAV_RS11955     25.17%    passed     38.86%
  10  GCF_000017565-1-PLAV_RS10335     25.17%    passed     91.32%
  11  GCF_000017565-1-PLAV_RS05525     25.17%    passed     17.07%
  12  GCF_001687365-1-ADU59_RS05750    25.17%    passed     58.75%
  13  GCF_000385335-1-A3OQ_RS0103935   25.17%    passed     99.83%
  14  GCF_900168195-1-B5Y19_RS10715    25.17%    failed      3.35%
  15  GCF_900168195-1-B5Y19_RS10675    25.17%    passed     34.60%
  16  GCF_900168195-1-B5Y19_RS10665    25.17%    passed     31.01%
  17  GCF_000374005-1-B152_RS0109090   25.17%    failed      0.06%
  18  GCF_002208825-2-CEP68_RS27755    25.17%    passed     40.34%
  19  GCF_000423645-1-G568_RS0115095   25.17%    passed     51.91%
  20  GCF_900110775-1-BSF79_RS15930    25.17%    passed     13.52%
  21  GCF_000169415-1-SSE37_RS16260    25.17%    passed     84.99%
  22  GCF_000442315-1-RUTHE_RS05685    25.17%    passed     71.32%
  23  GCF_001870665-2-BG454_RS09765    25.17%    passed     58.07%
  24  GCF_002208825-2-CEP68_RS17635    25.17%    passed      8.08%
  25  GCF_001687365-1-ADU59_RS12685    25.17%    passed     17.45%
  26  GCF_001870665-2-BG454_RS16400    25.17%    passed     64.87%
  27  GCF_001687365-1-ADU59_RS19520    25.17%    passed     94.22%
  28  GCF_000421265-1-K355_RS0119855   25.17%    passed     17.00%
  29  GCF_000374005-1-B152_RS0108145   25.17%    failed      0.00%
****  TOTAL                            25.17%  5 sequences failed composition chi2 test (p-value<5%; df=3)

Create initial parsimony tree by phylogenetic likelihood library (PLL)... 0.002 seconds
Generating 1000 samples for ultrafast bootstrap (seed: 446051)...

NOTE: 2 MB RAM (0 GB) is required!
Estimate model parameters (epsilon = 0.100)
Thoroughly optimizing +I+G parameters from 10 start values...
Init pinv, alpha: 0.000, 1.000 / Estimate: 0.000, 0.935 / LogL: -8933.375
Init pinv, alpha: 0.025, 1.000 / Estimate: 0.086, 1.684 / LogL: -8916.549
Init pinv, alpha: 0.051, 1.000 / Estimate: 0.087, 1.695 / LogL: -8916.532
Init pinv, alpha: 0.076, 1.000 / Estimate: 0.087, 1.701 / LogL: -8916.533
Init pinv, alpha: 0.102, 1.000 / Estimate: 0.087, 1.709 / LogL: -8916.532
Init pinv, alpha: 0.127, 1.000 / Estimate: 0.088, 1.713 / LogL: -8916.534
Init pinv, alpha: 0.153, 1.000 / Estimate: 0.089, 1.715 / LogL: -8916.535
Init pinv, alpha: 0.178, 1.000 / Estimate: 0.088, 1.705 / LogL: -8916.531
Init pinv, alpha: 0.204, 1.000 / Estimate: 0.088, 1.704 / LogL: -8916.531
Init pinv, alpha: 0.229, 1.000 / Estimate: 0.088, 1.703 / LogL: -8916.531
Optimal pinv,alpha: 0.088, 1.705 / LogL: -8916.531

Parameters optimization took 1.509 sec
Computing ML distances based on estimated model parameters... 0.011 sec
Computing BIONJ tree...
0.001 seconds
Log-likelihood of BIONJ tree: -8890.201
--------------------------------------------------------------------
|             INITIALIZING CANDIDATE TREE SET                      |
--------------------------------------------------------------------
Generating 98 parsimony trees... 0.303 second
Computing log-likelihood of 98 initial trees ... 1.133 seconds
Current best score: -8890.201

Do NNI search on 20 best initial trees
Estimate model parameters (epsilon = 0.100)
BETTER TREE FOUND at iteration 1: -8885.505
Estimate model parameters (epsilon = 0.100)
BETTER TREE FOUND at iteration 2: -8884.057
Iteration 10 / LogL: -8884.622 / Time: 0h:0m:4s
Estimate model parameters (epsilon = 0.100)
BETTER TREE FOUND at iteration 15: -8883.916
Iteration 20 / LogL: -8884.527 / Time: 0h:0m:5s
Finish initializing candidate tree set (7)
Current best tree score: -8883.916 / CPU time: 3.967
Number of iterations: 20
--------------------------------------------------------------------
|               OPTIMIZING CANDIDATE TREE SET                      |
--------------------------------------------------------------------
Estimate model parameters (epsilon = 0.100)
BETTER TREE FOUND at iteration 22: -8883.674
Estimate model parameters (epsilon = 0.100)
BETTER TREE FOUND at iteration 24: -8882.942
Estimate model parameters (epsilon = 0.100)
BETTER TREE FOUND at iteration 30: -8882.497
Iteration 30 / LogL: -8882.497 / Time: 0h:0m:7s (0h:0m:24s left)
Estimate model parameters (epsilon = 0.100)
BETTER TREE FOUND at iteration 32: -8882.397
Estimate model parameters (epsilon = 0.100)
BETTER TREE FOUND at iteration 34: -8882.214
Estimate model parameters (epsilon = 0.100)
BETTER TREE FOUND at iteration 40: -8881.774
Iteration 40 / LogL: -8881.774 / Time: 0h:0m:8s (0h:0m:22s left)
Iteration 50 / LogL: -8882.261 / Time: 0h:0m:10s (0h:0m:18s left)
Log-likelihood cutoff on original alignment: -8916.821
Iteration 60 / LogL: -8883.658 / Time: 0h:0m:11s (0h:0m:15s left)
Iteration 70 / LogL: -8882.293 / Time: 0h:0m:12s (0h:0m:13s left)
Iteration 80 / LogL: -8882.136 / Time: 0h:0m:14s (0h:0m:10s left)
Iteration 90 / LogL: -8882.737 / Time: 0h:0m:15s (0h:0m:8s left)
Iteration 100 / LogL: -8881.801 / Time: 0h:0m:16s (0h:0m:6s left)
Log-likelihood cutoff on original alignment: -8916.821
NOTE: Bootstrap correlation coefficient of split occurrence frequencies: 0.997
Iteration 110 / LogL: -8882.281 / Time: 0h:0m:18s (0h:0m:15s left)
Iteration 120 / LogL: -8882.302 / Time: 0h:0m:20s (0h:0m:13s left)
Iteration 130 / LogL: -8891.067 / Time: 0h:0m:21s (0h:0m:11s left)
Iteration 140 / LogL: -8882.543 / Time: 0h:0m:22s (0h:0m:9s left)
TREE SEARCH COMPLETED AFTER 141 ITERATIONS / Time: 0h:0m:23s

--------------------------------------------------------------------
|                    FINALIZING TREE SEARCH                        |
--------------------------------------------------------------------
Performs final model parameters optimization
Estimate model parameters (epsilon = 0.010)
1. Initial log-likelihood: -8881.774
Optimal log-likelihood: -8881.774
Rate parameters:  A-C: 3.38392  A-G: 5.09533  A-T: 2.05260  C-G: 4.49340  C-T: 5.09533  G-T: 1.00000
Base frequencies:  A: 0.194  C: 0.288  G: 0.311  T: 0.207
Proportion of invariable sites: 0.084
Gamma shape alpha: 1.505
Parameters optimization took 1 rounds (0.027 sec)
BEST SCORE FOUND : -8881.774
Creating bootstrap support values...
Split supports printed to NEXUS file /opt/jupyterhub/shared_notebooks/m-group/ALI/MG_stuff/RR_bioinformatics/TCSplayground/Alphaproteobacteria_subcluster/CDS/Alphaproteobacteria_subcluster_CDS_REC_model4.afa.splits.nex
Total tree length: 13.370

Total number of iterations: 141
CPU time used for tree search: 21.418 sec (0h:0m:21s)
Wall-clock time used for tree search: 21.434 sec (0h:0m:21s)
Total CPU time used: 23.094 sec (0h:0m:23s)
Total wall-clock time used: 23.123 sec (0h:0m:23s)

Computing bootstrap consensus tree...
Reading input file /opt/jupyterhub/shared_notebooks/m-group/ALI/MG_stuff/RR_bioinformatics/TCSplayground/Alphaproteobacteria_subcluster/CDS/Alphaproteobacteria_subcluster_CDS_REC_model4.afa.splits.nex...
29 taxa and 277 splits.
Consensus tree written to /opt/jupyterhub/shared_notebooks/m-group/ALI/MG_stuff/RR_bioinformatics/TCSplayground/Alphaproteobacteria_subcluster/CDS/Alphaproteobacteria_subcluster_CDS_REC_model4.afa.contree
Reading input trees file /opt/jupyterhub/shared_notebooks/m-group/ALI/MG_stuff/RR_bioinformatics/TCSplayground/Alphaproteobacteria_subcluster/CDS/Alphaproteobacteria_subcluster_CDS_REC_model4.afa.contree
Log-likelihood of consensus tree: -8882.449

Analysis results written to: 
  IQ-TREE report:                /opt/jupyterhub/shared_notebooks/m-group/ALI/MG_stuff/RR_bioinformatics/TCSplayground/Alphaproteobacteria_subcluster/CDS/Alphaproteobacteria_subcluster_CDS_REC_model4.afa.iqtree
  Maximum-likelihood tree:       /opt/jupyterhub/shared_notebooks/m-group/ALI/MG_stuff/RR_bioinformatics/TCSplayground/Alphaproteobacteria_subcluster/CDS/Alphaproteobacteria_subcluster_CDS_REC_model4.afa.treefile
  Likelihood distances:          /opt/jupyterhub/shared_notebooks/m-group/ALI/MG_stuff/RR_bioinformatics/TCSplayground/Alphaproteobacteria_subcluster/CDS/Alphaproteobacteria_subcluster_CDS_REC_model4.afa.mldist

Ultrafast bootstrap approximation results written to:
  Split support values:          /opt/jupyterhub/shared_notebooks/m-group/ALI/MG_stuff/RR_bioinformatics/TCSplayground/Alphaproteobacteria_subcluster/CDS/Alphaproteobacteria_subcluster_CDS_REC_model4.afa.splits.nex
  Consensus tree:                /opt/jupyterhub/shared_notebooks/m-group/ALI/MG_stuff/RR_bioinformatics/TCSplayground/Alphaproteobacteria_subcluster/CDS/Alphaproteobacteria_subcluster_CDS_REC_model4.afa.contree
  Screen log file:               /opt/jupyterhub/shared_notebooks/m-group/ALI/MG_stuff/RR_bioinformatics/TCSplayground/Alphaproteobacteria_subcluster/CDS/Alphaproteobacteria_subcluster_CDS_REC_model4.afa.log

Date and Time: Fri Aug 19 08:53:06 2022
