IQ-TREE multicore version 2.0.3 for Mac OS X 64-bit built Dec 19 2020
Developed by Bui Quang Minh, Nguyen Lam Tung, Olga Chernomor,
Heiko Schmidt, Dominik Schrempf, Michael Woodhams.

Host:    MacBook-Pro-125.local (AVX512, FMA3, 16 GB RAM)
Command: iqtree -s Alphaproteobacteria_subcluster/CDS/Alphaproteobacteria_subcluster_CDS_REC_model12.afap2n -m TVM+F+I+G4 -o GCF_000169415-1-SSE37_RS08100 -redo -bb 1000
Seed:    249473 (Using SPRNG - Scalable Parallel Random Number Generator)
Time:    Tue Aug 22 10:52:12 2023
Kernel:  AVX+FMA - 1 threads (8 CPU cores detected)

HINT: Use -nt option to specify number of threads because your CPU has 8 cores!
HINT: -nt AUTO will automatically determine the best number of threads to use.

Reading alignment file Alphaproteobacteria_subcluster/CDS/Alphaproteobacteria_subcluster_CDS_REC_model12.afap2n ... Fasta format detected
Alignment most likely contains DNA/RNA sequences
Alignment has 28 sequences with 441 columns, 355 distinct patterns
290 parsimony-informative, 48 singleton sites, 103 constant sites
                                Gap/Ambiguity  Composition  p-value
   1  GCF_000021325-1-GDIA_RS09815     25.17%    failed      1.70%
   2  GCF_000423645-1-G568_RS0108480   25.17%    passed     11.69%
   3  GCF_000169415-1-SSE37_RS08100    25.17%    passed     16.53%
   4  GCF_900110775-1-BSF79_RS18365    25.17%    failed      0.05%
   5  GCF_000017565-1-PLAV_RS12075     25.17%    passed     98.98%
   6  GCF_000017565-1-PLAV_RS12070     25.17%    passed     39.89%
   7  GCF_000017565-1-PLAV_RS11965     25.17%    passed     42.25%
   8  GCF_000017565-1-PLAV_RS11955     25.17%    passed     36.22%
   9  GCF_000017565-1-PLAV_RS10335     25.17%    passed     92.74%
  10  GCF_000017565-1-PLAV_RS05525     25.17%    passed     17.36%
  11  GCF_001687365-1-ADU59_RS05750    25.17%    passed     56.60%
  12  GCF_000385335-1-A3OQ_RS0103935   25.17%    passed     99.85%
  13  GCF_900168195-1-B5Y19_RS10715    25.17%    failed      3.81%
  14  GCF_900168195-1-B5Y19_RS10675    25.17%    passed     36.45%
  15  GCF_900168195-1-B5Y19_RS10665    25.17%    passed     31.17%
  16  GCF_000374005-1-B152_RS0109090   25.17%    failed      0.04%
  17  GCF_002208825-2-CEP68_RS27755    25.17%    passed     43.51%
  18  GCF_000423645.1-G568_RS0115095   25.17%    passed     51.96%
  19  GCF_900110775.1-BSF79_RS15930    25.17%    passed     13.22%
  20  GCF_000169415.1-SSE37_RS16260    25.17%    passed     86.04%
  21  GCF_000442315.1-RUTHE_RS05685    25.17%    passed     71.91%
  22  GCF_001870665.2-BG454_RS09765    25.17%    passed     54.44%
  23  GCF_002208825-2-CEP68_RS17635    25.17%    passed      8.58%
  24  GCF_001687365-1-ADU59_RS12685    25.17%    passed     18.88%
  25  GCF_001870665.2-BG454_RS16400    25.17%    passed     61.72%
  26  GCF_001687365.1-ADU59_RS19520    25.17%    passed     94.33%
  27  GCF_000421265.1-K355_RS0119855   25.17%    passed     14.85%
  28  GCF_000374005.1-B152_RS0108145   25.17%    failed      0.00%
****  TOTAL                            25.17%  5 sequences failed composition chi2 test (p-value<5%; df=3)

Create initial parsimony tree by phylogenetic likelihood library (PLL)... 0.003 seconds
Generating 1000 samples for ultrafast bootstrap (seed: 249473)...

NOTE: 2 MB RAM (0 GB) is required!
Estimate model parameters (epsilon = 0.100)
Thoroughly optimizing +I+G parameters from 10 start values...
Init pinv, alpha: 0.000, 1.000 / Estimate: 0.000, 0.945 / LogL: -8632.661
Init pinv, alpha: 0.026, 1.000 / Estimate: 0.084, 1.680 / LogL: -8616.324
Init pinv, alpha: 0.052, 1.000 / Estimate: 0.084, 1.694 / LogL: -8616.320
Init pinv, alpha: 0.078, 1.000 / Estimate: 0.085, 1.702 / LogL: -8616.317
Init pinv, alpha: 0.104, 1.000 / Estimate: 0.085, 1.719 / LogL: -8616.332
Init pinv, alpha: 0.130, 1.000 / Estimate: 0.085, 1.713 / LogL: -8616.326
Init pinv, alpha: 0.156, 1.000 / Estimate: 0.085, 1.715 / LogL: -8616.328
Init pinv, alpha: 0.182, 1.000 / Estimate: 0.086, 1.716 / LogL: -8616.327
Init pinv, alpha: 0.208, 1.000 / Estimate: 0.086, 1.716 / LogL: -8616.326
Init pinv, alpha: 0.234, 1.000 / Estimate: 0.086, 1.716 / LogL: -8616.324
Optimal pinv,alpha: 0.085, 1.702 / LogL: -8616.317

Parameters optimization took 0.460 sec
Computing ML distances based on estimated model parameters... 0.013 sec
Computing BIONJ tree...
0.001 seconds
Log-likelihood of BIONJ tree: -8595.901
--------------------------------------------------------------------
|             INITIALIZING CANDIDATE TREE SET                      |
--------------------------------------------------------------------
Generating 98 parsimony trees... 0.172 second
Computing log-likelihood of 98 initial trees ... 0.170 seconds
Current best score: -8595.901

Do NNI search on 20 best initial trees
Estimate model parameters (epsilon = 0.100)
BETTER TREE FOUND at iteration 1: -8574.577
Estimate model parameters (epsilon = 0.100)
BETTER TREE FOUND at iteration 10: -8574.510
Iteration 10 / LogL: -8574.510 / Time: 0h:0m:1s
Iteration 20 / LogL: -8574.600 / Time: 0h:0m:1s
Finish initializing candidate tree set (15)
Current best tree score: -8574.510 / CPU time: 1.281
Number of iterations: 20
--------------------------------------------------------------------
|               OPTIMIZING CANDIDATE TREE SET                      |
--------------------------------------------------------------------
Iteration 30 / LogL: -8574.754 / Time: 0h:0m:2s (0h:0m:5s left)
Iteration 40 / LogL: -8574.627 / Time: 0h:0m:2s (0h:0m:4s left)
Iteration 50 / LogL: -8574.611 / Time: 0h:0m:2s (0h:0m:3s left)
Log-likelihood cutoff on original alignment: -8604.958
Iteration 60 / LogL: -8576.635 / Time: 0h:0m:3s (0h:0m:2s left)
Iteration 70 / LogL: -8574.606 / Time: 0h:0m:3s (0h:0m:2s left)
Iteration 80 / LogL: -8574.639 / Time: 0h:0m:4s (0h:0m:1s left)
Iteration 90 / LogL: -8574.648 / Time: 0h:0m:4s (0h:0m:1s left)
Iteration 100 / LogL: -8574.701 / Time: 0h:0m:4s (0h:0m:0s left)
Log-likelihood cutoff on original alignment: -8605.719
NOTE: Bootstrap correlation coefficient of split occurrence frequencies: 0.999
Iteration 110 / LogL: -8574.691 / Time: 0h:0m:5s (0h:0m:4s left)
TREE SEARCH COMPLETED AFTER 111 ITERATIONS / Time: 0h:0m:5s

--------------------------------------------------------------------
|                    FINALIZING TREE SEARCH                        |
--------------------------------------------------------------------
Performs final model parameters optimization
Estimate model parameters (epsilon = 0.010)
1. Initial log-likelihood: -8574.510
Optimal log-likelihood: -8574.508
Rate parameters:  A-C: 3.34546  A-G: 4.82244  A-T: 2.07326  C-G: 4.41692  C-T: 4.82244  G-T: 1.00000
Base frequencies:  A: 0.194  C: 0.288  G: 0.313  T: 0.206
Proportion of invariable sites: 0.082
Gamma shape alpha: 1.608
Parameters optimization took 1 rounds (0.008 sec)
BEST SCORE FOUND : -8574.508
Creating bootstrap support values...
Split supports printed to NEXUS file Alphaproteobacteria_subcluster/CDS/Alphaproteobacteria_subcluster_CDS_REC_model12.afap2n.splits.nex
Total tree length: 12.742

Total number of iterations: 111
CPU time used for tree search: 4.715 sec (0h:0m:4s)
Wall-clock time used for tree search: 4.784 sec (0h:0m:4s)
Total CPU time used: 5.254 sec (0h:0m:5s)
Total wall-clock time used: 5.358 sec (0h:0m:5s)

Computing bootstrap consensus tree...
Reading input file Alphaproteobacteria_subcluster/CDS/Alphaproteobacteria_subcluster_CDS_REC_model12.afap2n.splits.nex...
28 taxa and 259 splits.
Consensus tree written to Alphaproteobacteria_subcluster/CDS/Alphaproteobacteria_subcluster_CDS_REC_model12.afap2n.contree
Reading input trees file Alphaproteobacteria_subcluster/CDS/Alphaproteobacteria_subcluster_CDS_REC_model12.afap2n.contree
Log-likelihood of consensus tree: -8574.577

Analysis results written to: 
  IQ-TREE report:                Alphaproteobacteria_subcluster/CDS/Alphaproteobacteria_subcluster_CDS_REC_model12.afap2n.iqtree
  Maximum-likelihood tree:       Alphaproteobacteria_subcluster/CDS/Alphaproteobacteria_subcluster_CDS_REC_model12.afap2n.treefile
  Likelihood distances:          Alphaproteobacteria_subcluster/CDS/Alphaproteobacteria_subcluster_CDS_REC_model12.afap2n.mldist

Ultrafast bootstrap approximation results written to:
  Split support values:          Alphaproteobacteria_subcluster/CDS/Alphaproteobacteria_subcluster_CDS_REC_model12.afap2n.splits.nex
  Consensus tree:                Alphaproteobacteria_subcluster/CDS/Alphaproteobacteria_subcluster_CDS_REC_model12.afap2n.contree
  Screen log file:               Alphaproteobacteria_subcluster/CDS/Alphaproteobacteria_subcluster_CDS_REC_model12.afap2n.log

Date and Time: Tue Aug 22 10:52:17 2023
