IQ-TREE multicore version 1.6.12 for Linux 64-bit built Aug 15 2019
Developed by Bui Quang Minh, Nguyen Lam Tung, Olga Chernomor,
Heiko Schmidt, Dominik Schrempf, Michael Woodhams.

Host:    jupyter (AVX, FMA3, 503 GB RAM)
Command: /opt/iqtree/iqtree-1.6.12-Linux/bin/iqtree -s /opt/jupyterhub/shared_notebooks/m-group/ALI/MG_stuff/RR_bioinformatics/TCSplayground/Alphaproteobacteria_subcluster/CDS/Alphaproteobacteria_subcluster_CDS_REC_model5.afa -m TVM+F+I+G4 -o GCF_000421265.1-K355_RS0117460 -redo -bb 1000
Seed:    990475 (Using SPRNG - Scalable Parallel Random Number Generator)
Time:    Thu Aug 18 15:52:46 2022
Kernel:  AVX+FMA - 1 threads (64 CPU cores detected)

HINT: Use -nt option to specify number of threads because your CPU has 64 cores!
HINT: -nt AUTO will automatically determine the best number of threads to use.

Reading alignment file /opt/jupyterhub/shared_notebooks/m-group/ALI/MG_stuff/RR_bioinformatics/TCSplayground/Alphaproteobacteria_subcluster/CDS/Alphaproteobacteria_subcluster_CDS_REC_model5.afa ... Fasta format detected
Alignment most likely contains DNA/RNA sequences
Alignment has 22 sequences with 396 columns, 348 distinct patterns
269 parsimony-informative, 66 singleton sites, 61 constant sites
                                Gap/Ambiguity  Composition  p-value
   1  GCF_000421265.1-K355_RS0117460   16.67%    passed     18.65%
   2  GCF_000021325-1-GDIA_RS09815     16.67%    failed      2.20%
   3  GCF_000017565-1-PLAV_RS12075     16.67%    passed     94.41%
   4  GCF_000017565-1-PLAV_RS12070     16.67%    passed     27.44%
   5  GCF_000017565-1-PLAV_RS11965     16.67%    passed     39.64%
   6  GCF_000017565-1-PLAV_RS11955     16.67%    passed     42.02%
   7  GCF_000017565-1-PLAV_RS10335     16.67%    passed     94.46%
   8  GCF_000017565-1-PLAV_RS05525     16.67%    passed     32.94%
   9  GCF_001687365-1-ADU59_RS05750    16.67%    passed     50.77%
  10  GCF_000385335-1-A3OQ_RS0103935   16.67%    passed     98.44%
  11  GCF_900168195-1-B5Y19_RS10715    16.67%    passed      6.64%
  12  GCF_900168195-1-B5Y19_RS10675    16.67%    passed     52.81%
  13  GCF_900168195-1-B5Y19_RS10665    16.67%    passed     51.01%
  14  GCF_000374005-1-B152_RS0109090   16.67%    failed      0.04%
  15  GCF_002208825-2-CEP68_RS27755    16.67%    passed     41.16%
  16  GCF_000423645-1-G568_RS0115095   16.67%    passed     42.09%
  17  GCF_900110775-1-BSF79_RS15930    16.67%    passed      6.76%
  18  GCF_000169415-1-SSE37_RS16260    16.67%    passed     71.13%
  19  GCF_000442315-1-RUTHE_RS05685    16.67%    passed     85.60%
  20  GCF_001870665-2-BG454_RS09765    16.67%    passed     42.24%
  21  GCF_002208825-2-CEP68_RS17635    16.67%    passed     15.55%
  22  GCF_001687365-1-ADU59_RS12685    16.67%    passed     27.40%
****  TOTAL                            16.67%  2 sequences failed composition chi2 test (p-value<5%; df=3)

Create initial parsimony tree by phylogenetic likelihood library (PLL)... 0.003 seconds
Generating 1000 samples for ultrafast bootstrap (seed: 990475)...

NOTE: 2 MB RAM (0 GB) is required!
Estimate model parameters (epsilon = 0.100)
Thoroughly optimizing +I+G parameters from 10 start values...
Init pinv, alpha: 0.000, 1.000 / Estimate: 0.000, 0.953 / LogL: -6926.009
Init pinv, alpha: 0.017, 1.000 / Estimate: 0.089, 1.752 / LogL: -6913.685
Init pinv, alpha: 0.034, 1.000 / Estimate: 0.088, 1.755 / LogL: -6913.678
Init pinv, alpha: 0.051, 1.000 / Estimate: 0.088, 1.758 / LogL: -6913.676
Init pinv, alpha: 0.068, 1.000 / Estimate: 0.088, 1.759 / LogL: -6913.675
Init pinv, alpha: 0.086, 1.000 / Estimate: 0.089, 1.774 / LogL: -6913.669
Init pinv, alpha: 0.103, 1.000 / Estimate: 0.089, 1.784 / LogL: -6913.667
Init pinv, alpha: 0.120, 1.000 / Estimate: 0.090, 1.788 / LogL: -6913.667
Init pinv, alpha: 0.137, 1.000 / Estimate: 0.090, 1.790 / LogL: -6913.670
Init pinv, alpha: 0.154, 1.000 / Estimate: 0.090, 1.791 / LogL: -6913.670
Optimal pinv,alpha: 0.089, 1.784 / LogL: -6913.667

Parameters optimization took 1.105 sec
Computing ML distances based on estimated model parameters... 0.006 sec
Computing BIONJ tree...
0.000 seconds
Log-likelihood of BIONJ tree: -6885.126
--------------------------------------------------------------------
|             INITIALIZING CANDIDATE TREE SET                      |
--------------------------------------------------------------------
Generating 98 parsimony trees... 0.215 second
Computing log-likelihood of 98 initial trees ... 0.798 seconds
Current best score: -6877.954

Do NNI search on 20 best initial trees
Estimate model parameters (epsilon = 0.100)
BETTER TREE FOUND at iteration 1: -6871.042
Estimate model parameters (epsilon = 0.100)
BETTER TREE FOUND at iteration 2: -6869.606
Iteration 10 / LogL: -6874.422 / Time: 0h:0m:3s
UPDATE BEST LOG-LIKELIHOOD: -6869.605
Iteration 20 / LogL: -6871.149 / Time: 0h:0m:4s
Finish initializing candidate tree set (15)
Current best tree score: -6869.605 / CPU time: 3.615
Number of iterations: 20
--------------------------------------------------------------------
|               OPTIMIZING CANDIDATE TREE SET                      |
--------------------------------------------------------------------
Iteration 30 / LogL: -6869.653 / Time: 0h:0m:5s (0h:0m:14s left)
UPDATE BEST LOG-LIKELIHOOD: -6869.604
Iteration 40 / LogL: -6870.561 / Time: 0h:0m:6s (0h:0m:10s left)
Iteration 50 / LogL: -6869.608 / Time: 0h:0m:7s (0h:0m:8s left)
Log-likelihood cutoff on original alignment: -6897.392
Iteration 60 / LogL: -6869.606 / Time: 0h:0m:9s (0h:0m:6s left)
Iteration 70 / LogL: -6869.611 / Time: 0h:0m:10s (0h:0m:4s left)
Iteration 80 / LogL: -6869.630 / Time: 0h:0m:11s (0h:0m:3s left)
Iteration 90 / LogL: -6869.712 / Time: 0h:0m:12s (0h:0m:1s left)
Iteration 100 / LogL: -6870.695 / Time: 0h:0m:13s (0h:0m:0s left)
Log-likelihood cutoff on original alignment: -6897.392
NOTE: Bootstrap correlation coefficient of split occurrence frequencies: 1.000
TREE SEARCH COMPLETED AFTER 103 ITERATIONS / Time: 0h:0m:13s

--------------------------------------------------------------------
|                    FINALIZING TREE SEARCH                        |
--------------------------------------------------------------------
Performs final model parameters optimization
Estimate model parameters (epsilon = 0.010)
1. Initial log-likelihood: -6869.604
Optimal log-likelihood: -6869.597
Rate parameters:  A-C: 3.53346  A-G: 5.93257  A-T: 2.41374  C-G: 5.43606  C-T: 5.93257  G-T: 1.00000
Base frequencies:  A: 0.193  C: 0.297  G: 0.306  T: 0.204
Proportion of invariable sites: 0.081
Gamma shape alpha: 1.427
Parameters optimization took 1 rounds (0.020 sec)
BEST SCORE FOUND : -6869.597
Creating bootstrap support values...
Split supports printed to NEXUS file /opt/jupyterhub/shared_notebooks/m-group/ALI/MG_stuff/RR_bioinformatics/TCSplayground/Alphaproteobacteria_subcluster/CDS/Alphaproteobacteria_subcluster_CDS_REC_model5.afa.splits.nex
Total tree length: 11.397

Total number of iterations: 103
CPU time used for tree search: 12.628 sec (0h:0m:12s)
Wall-clock time used for tree search: 12.647 sec (0h:0m:12s)
Total CPU time used: 13.871 sec (0h:0m:13s)
Total wall-clock time used: 13.891 sec (0h:0m:13s)

Computing bootstrap consensus tree...
Reading input file /opt/jupyterhub/shared_notebooks/m-group/ALI/MG_stuff/RR_bioinformatics/TCSplayground/Alphaproteobacteria_subcluster/CDS/Alphaproteobacteria_subcluster_CDS_REC_model5.afa.splits.nex...
22 taxa and 236 splits.
Consensus tree written to /opt/jupyterhub/shared_notebooks/m-group/ALI/MG_stuff/RR_bioinformatics/TCSplayground/Alphaproteobacteria_subcluster/CDS/Alphaproteobacteria_subcluster_CDS_REC_model5.afa.contree
Reading input trees file /opt/jupyterhub/shared_notebooks/m-group/ALI/MG_stuff/RR_bioinformatics/TCSplayground/Alphaproteobacteria_subcluster/CDS/Alphaproteobacteria_subcluster_CDS_REC_model5.afa.contree
Log-likelihood of consensus tree: -6869.597

Analysis results written to: 
  IQ-TREE report:                /opt/jupyterhub/shared_notebooks/m-group/ALI/MG_stuff/RR_bioinformatics/TCSplayground/Alphaproteobacteria_subcluster/CDS/Alphaproteobacteria_subcluster_CDS_REC_model5.afa.iqtree
  Maximum-likelihood tree:       /opt/jupyterhub/shared_notebooks/m-group/ALI/MG_stuff/RR_bioinformatics/TCSplayground/Alphaproteobacteria_subcluster/CDS/Alphaproteobacteria_subcluster_CDS_REC_model5.afa.treefile
  Likelihood distances:          /opt/jupyterhub/shared_notebooks/m-group/ALI/MG_stuff/RR_bioinformatics/TCSplayground/Alphaproteobacteria_subcluster/CDS/Alphaproteobacteria_subcluster_CDS_REC_model5.afa.mldist

Ultrafast bootstrap approximation results written to:
  Split support values:          /opt/jupyterhub/shared_notebooks/m-group/ALI/MG_stuff/RR_bioinformatics/TCSplayground/Alphaproteobacteria_subcluster/CDS/Alphaproteobacteria_subcluster_CDS_REC_model5.afa.splits.nex
  Consensus tree:                /opt/jupyterhub/shared_notebooks/m-group/ALI/MG_stuff/RR_bioinformatics/TCSplayground/Alphaproteobacteria_subcluster/CDS/Alphaproteobacteria_subcluster_CDS_REC_model5.afa.contree
  Screen log file:               /opt/jupyterhub/shared_notebooks/m-group/ALI/MG_stuff/RR_bioinformatics/TCSplayground/Alphaproteobacteria_subcluster/CDS/Alphaproteobacteria_subcluster_CDS_REC_model5.afa.log

Date and Time: Thu Aug 18 15:53:00 2022
