IQ-TREE multicore version 1.6.12 for Linux 64-bit built Aug 15 2019
Developed by Bui Quang Minh, Nguyen Lam Tung, Olga Chernomor,
Heiko Schmidt, Dominik Schrempf, Michael Woodhams.

Host:    jupyter (AVX, FMA3, 503 GB RAM)
Command: /opt/iqtree/iqtree-1.6.12-Linux/bin/iqtree -s /opt/jupyterhub/shared_notebooks/m-group/ALI/MG_stuff/RR_bioinformatics/TCSplayground/Alphaproteobacteria_subcluster/CDS/Alphaproteobacteria_subcluster_CDS_REC_model2.afa -m TVM+F+I+G4 -o GCF_000421265.1-K355_RS0117460 -redo -bb 1000
Seed:    608573 (Using SPRNG - Scalable Parallel Random Number Generator)
Time:    Thu Aug 18 15:52:24 2022
Kernel:  AVX+FMA - 1 threads (64 CPU cores detected)

HINT: Use -nt option to specify number of threads because your CPU has 64 cores!
HINT: -nt AUTO will automatically determine the best number of threads to use.

Reading alignment file /opt/jupyterhub/shared_notebooks/m-group/ALI/MG_stuff/RR_bioinformatics/TCSplayground/Alphaproteobacteria_subcluster/CDS/Alphaproteobacteria_subcluster_CDS_REC_model2.afa ... Fasta format detected
Alignment most likely contains DNA/RNA sequences
Alignment has 21 sequences with 441 columns, 349 distinct patterns
280 parsimony-informative, 54 singleton sites, 107 constant sites
                                Gap/Ambiguity  Composition  p-value
   1  GCF_000421265.1-K355_RS0117460   25.17%    passed     32.58%
   2  GCF_000021325-1-GDIA_RS09815     25.17%    failed      0.98%
   3  GCF_000017565-1-PLAV_RS12075     25.17%    passed     93.46%
   4  GCF_000017565-1-PLAV_RS12070     25.17%    passed     21.93%
   5  GCF_000017565-1-PLAV_RS11965     25.17%    passed     53.98%
   6  GCF_000017565-1-PLAV_RS11955     25.17%    passed     50.59%
   7  GCF_000017565-1-PLAV_RS10335     25.17%    passed     84.04%
   8  GCF_000017565-1-PLAV_RS05525     25.17%    passed     28.35%
   9  GCF_001687365-1-ADU59_RS05750    25.17%    passed     53.92%
  10  GCF_000385335-1-A3OQ_RS0103935   25.17%    passed     95.91%
  11  GCF_900168195-1-B5Y19_RS10715    25.17%    failed      3.79%
  12  GCF_900168195-1-B5Y19_RS10675    25.17%    passed     41.61%
  13  GCF_900168195-1-B5Y19_RS10665    25.17%    passed     49.21%
  14  GCF_000374005-1-B152_RS0109090   25.17%    failed      0.16%
  15  GCF_002208825-2-CEP68_RS27755    25.17%    passed     29.51%
  16  GCF_002208825-2-CEP68_RS17635    25.17%    passed     12.32%
  17  GCF_001687365-1-ADU59_RS12685    25.17%    passed     19.70%
  18  GCF_001870665-2-BG454_RS16400    25.17%    passed     57.21%
  19  GCF_001687365-1-ADU59_RS19520    25.17%    passed     97.97%
  20  GCF_000421265-1-K355_RS0119855   25.17%    passed     18.73%
  21  GCF_000374005-1-B152_RS0108145   25.17%    failed      0.00%
****  TOTAL                            25.17%  4 sequences failed composition chi2 test (p-value<5%; df=3)

Create initial parsimony tree by phylogenetic likelihood library (PLL)... 0.002 seconds
Generating 1000 samples for ultrafast bootstrap (seed: 608573)...

NOTE: 2 MB RAM (0 GB) is required!
Estimate model parameters (epsilon = 0.100)
Thoroughly optimizing +I+G parameters from 10 start values...
Init pinv, alpha: 0.000, 1.000 / Estimate: 0.000, 0.976 / LogL: -7048.101
Init pinv, alpha: 0.027, 1.000 / Estimate: 0.090, 1.971 / LogL: -7034.488
Init pinv, alpha: 0.054, 1.000 / Estimate: 0.089, 1.971 / LogL: -7034.487
Init pinv, alpha: 0.081, 1.000 / Estimate: 0.090, 1.979 / LogL: -7034.475
Init pinv, alpha: 0.108, 1.000 / Estimate: 0.091, 1.998 / LogL: -7034.471
Init pinv, alpha: 0.135, 1.000 / Estimate: 0.092, 2.008 / LogL: -7034.475
Init pinv, alpha: 0.162, 1.000 / Estimate: 0.091, 2.006 / LogL: -7034.471
Init pinv, alpha: 0.189, 1.000 / Estimate: 0.092, 2.007 / LogL: -7034.472
Init pinv, alpha: 0.216, 1.000 / Estimate: 0.092, 2.014 / LogL: -7034.474
Init pinv, alpha: 0.243, 1.000 / Estimate: 0.092, 2.014 / LogL: -7034.476
Optimal pinv,alpha: 0.091, 2.006 / LogL: -7034.471

Parameters optimization took 1.195 sec
Computing ML distances based on estimated model parameters... 0.006 sec
Computing BIONJ tree...
0.000 seconds
Log-likelihood of BIONJ tree: -7036.594
--------------------------------------------------------------------
|             INITIALIZING CANDIDATE TREE SET                      |
--------------------------------------------------------------------
Generating 98 parsimony trees... 0.179 second
Computing log-likelihood of 98 initial trees ... 0.768 seconds
Current best score: -7033.553

Do NNI search on 20 best initial trees
Estimate model parameters (epsilon = 0.100)
BETTER TREE FOUND at iteration 1: -7028.447
Estimate model parameters (epsilon = 0.100)
BETTER TREE FOUND at iteration 2: -7027.137
Estimate model parameters (epsilon = 0.100)
BETTER TREE FOUND at iteration 4: -7027.079
Estimate model parameters (epsilon = 0.100)
BETTER TREE FOUND at iteration 7: -7026.647
Iteration 10 / LogL: -7030.543 / Time: 0h:0m:3s
Iteration 20 / LogL: -7027.180 / Time: 0h:0m:4s
Finish initializing candidate tree set (9)
Current best tree score: -7026.647 / CPU time: 2.958
Number of iterations: 20
--------------------------------------------------------------------
|               OPTIMIZING CANDIDATE TREE SET                      |
--------------------------------------------------------------------
Iteration 30 / LogL: -7027.705 / Time: 0h:0m:5s (0h:0m:13s left)
Iteration 40 / LogL: -7026.654 / Time: 0h:0m:6s (0h:0m:10s left)
Iteration 50 / LogL: -7026.684 / Time: 0h:0m:7s (0h:0m:8s left)
Log-likelihood cutoff on original alignment: -7064.141
Iteration 60 / LogL: -7027.114 / Time: 0h:0m:8s (0h:0m:6s left)
Iteration 70 / LogL: -7027.104 / Time: 0h:0m:9s (0h:0m:4s left)
Iteration 80 / LogL: -7026.650 / Time: 0h:0m:10s (0h:0m:3s left)
Iteration 90 / LogL: -7027.791 / Time: 0h:0m:11s (0h:0m:2s left)
Iteration 100 / LogL: -7027.787 / Time: 0h:0m:12s (0h:0m:0s left)
Log-likelihood cutoff on original alignment: -7064.141
NOTE: Bootstrap correlation coefficient of split occurrence frequencies: 0.998
TREE SEARCH COMPLETED AFTER 108 ITERATIONS / Time: 0h:0m:13s

--------------------------------------------------------------------
|                    FINALIZING TREE SEARCH                        |
--------------------------------------------------------------------
Performs final model parameters optimization
Estimate model parameters (epsilon = 0.010)
1. Initial log-likelihood: -7026.647
Optimal log-likelihood: -7026.646
Rate parameters:  A-C: 3.75565  A-G: 4.86015  A-T: 1.99863  C-G: 4.03034  C-T: 4.86015  G-T: 1.00000
Base frequencies:  A: 0.195  C: 0.295  G: 0.300  T: 0.210
Proportion of invariable sites: 0.089
Gamma shape alpha: 1.838
Parameters optimization took 1 rounds (0.019 sec)
BEST SCORE FOUND : -7026.646
Creating bootstrap support values...
Split supports printed to NEXUS file /opt/jupyterhub/shared_notebooks/m-group/ALI/MG_stuff/RR_bioinformatics/TCSplayground/Alphaproteobacteria_subcluster/CDS/Alphaproteobacteria_subcluster_CDS_REC_model2.afa.splits.nex
Total tree length: 10.833

Total number of iterations: 108
CPU time used for tree search: 11.903 sec (0h:0m:11s)
Wall-clock time used for tree search: 11.916 sec (0h:0m:11s)
Total CPU time used: 13.223 sec (0h:0m:13s)
Total wall-clock time used: 13.246 sec (0h:0m:13s)

Computing bootstrap consensus tree...
Reading input file /opt/jupyterhub/shared_notebooks/m-group/ALI/MG_stuff/RR_bioinformatics/TCSplayground/Alphaproteobacteria_subcluster/CDS/Alphaproteobacteria_subcluster_CDS_REC_model2.afa.splits.nex...
21 taxa and 229 splits.
Consensus tree written to /opt/jupyterhub/shared_notebooks/m-group/ALI/MG_stuff/RR_bioinformatics/TCSplayground/Alphaproteobacteria_subcluster/CDS/Alphaproteobacteria_subcluster_CDS_REC_model2.afa.contree
Reading input trees file /opt/jupyterhub/shared_notebooks/m-group/ALI/MG_stuff/RR_bioinformatics/TCSplayground/Alphaproteobacteria_subcluster/CDS/Alphaproteobacteria_subcluster_CDS_REC_model2.afa.contree
Log-likelihood of consensus tree: -7027.160

Analysis results written to: 
  IQ-TREE report:                /opt/jupyterhub/shared_notebooks/m-group/ALI/MG_stuff/RR_bioinformatics/TCSplayground/Alphaproteobacteria_subcluster/CDS/Alphaproteobacteria_subcluster_CDS_REC_model2.afa.iqtree
  Maximum-likelihood tree:       /opt/jupyterhub/shared_notebooks/m-group/ALI/MG_stuff/RR_bioinformatics/TCSplayground/Alphaproteobacteria_subcluster/CDS/Alphaproteobacteria_subcluster_CDS_REC_model2.afa.treefile
  Likelihood distances:          /opt/jupyterhub/shared_notebooks/m-group/ALI/MG_stuff/RR_bioinformatics/TCSplayground/Alphaproteobacteria_subcluster/CDS/Alphaproteobacteria_subcluster_CDS_REC_model2.afa.mldist

Ultrafast bootstrap approximation results written to:
  Split support values:          /opt/jupyterhub/shared_notebooks/m-group/ALI/MG_stuff/RR_bioinformatics/TCSplayground/Alphaproteobacteria_subcluster/CDS/Alphaproteobacteria_subcluster_CDS_REC_model2.afa.splits.nex
  Consensus tree:                /opt/jupyterhub/shared_notebooks/m-group/ALI/MG_stuff/RR_bioinformatics/TCSplayground/Alphaproteobacteria_subcluster/CDS/Alphaproteobacteria_subcluster_CDS_REC_model2.afa.contree
  Screen log file:               /opt/jupyterhub/shared_notebooks/m-group/ALI/MG_stuff/RR_bioinformatics/TCSplayground/Alphaproteobacteria_subcluster/CDS/Alphaproteobacteria_subcluster_CDS_REC_model2.afa.log

Date and Time: Thu Aug 18 15:52:37 2022
