IQ-TREE multicore version 1.6.12 for Linux 64-bit built Aug 15 2019
Developed by Bui Quang Minh, Nguyen Lam Tung, Olga Chernomor,
Heiko Schmidt, Dominik Schrempf, Michael Woodhams.

Host:    jupyter (AVX, FMA3, 503 GB RAM)
Command: /opt/iqtree/iqtree-1.6.12-Linux/bin/iqtree -s /opt/jupyterhub/shared_notebooks/m-group/ALI/MG_stuff/RR_bioinformatics/TCSplayground/Alphaproteobacteria_subcluster/CDS/Alphaproteobacteria_subcluster_CDS_REC_model8.afa -m TVM+F+I+G4 -o GCF_000169415-1-SSE37_RS08100 -redo -bb 1000
Seed:    891473 (Using SPRNG - Scalable Parallel Random Number Generator)
Time:    Thu Aug 18 15:24:15 2022
Kernel:  AVX+FMA - 1 threads (64 CPU cores detected)

HINT: Use -nt option to specify number of threads because your CPU has 64 cores!
HINT: -nt AUTO will automatically determine the best number of threads to use.

Reading alignment file /opt/jupyterhub/shared_notebooks/m-group/ALI/MG_stuff/RR_bioinformatics/TCSplayground/Alphaproteobacteria_subcluster/CDS/Alphaproteobacteria_subcluster_CDS_REC_model8.afa ... Fasta format detected
Alignment most likely contains DNA/RNA sequences
Alignment has 19 sequences with 399 columns, 342 distinct patterns
279 parsimony-informative, 59 singleton sites, 61 constant sites
                                Gap/Ambiguity  Composition  p-value
   1  GCF_000021325-1-GDIA_RS09815     17.29%    passed      8.84%
   2  GCF_000423645-1-G568_RS0108480   17.29%    passed     18.80%
   3  GCF_000169415-1-SSE37_RS08100    17.29%    passed     31.28%
   4  GCF_900110775-1-BSF79_RS18365    17.29%    failed      0.07%
   5  GCF_000017565-1-PLAV_RS12075     17.29%    passed     78.57%
   6  GCF_000017565-1-PLAV_RS12070     17.29%    passed     48.65%
   7  GCF_000017565-1-PLAV_RS11965     17.29%    passed     14.15%
   8  GCF_000017565-1-PLAV_RS11955     17.29%    passed     14.39%
   9  GCF_000017565-1-PLAV_RS10335     17.29%    passed     89.55%
  10  GCF_000017565-1-PLAV_RS05525     17.29%    passed     26.43%
  11  GCF_001687365-1-ADU59_RS12685    17.29%    passed     50.87%
  12  GCF_001687365-1-ADU59_RS05750    17.29%    passed     22.64%
  13  GCF_000385335-1-A3OQ_RS0103935   17.29%    passed     88.86%
  14  GCF_900168195-1-B5Y19_RS10715    17.29%    passed     17.21%
  15  GCF_900168195-1-B5Y19_RS10675    17.29%    passed     70.35%
  16  GCF_900168195-1-B5Y19_RS10665    17.29%    passed     51.46%
  17  GCF_000374005-1-B152_RS0109090   17.29%    failed      0.00%
  18  GCF_002208825-2-CEP68_RS27755    17.29%    passed     75.28%
  19  GCF_002208825-2-CEP68_RS17635    17.29%    passed     27.68%
****  TOTAL                            17.29%  2 sequences failed composition chi2 test (p-value<5%; df=3)

Create initial parsimony tree by phylogenetic likelihood library (PLL)... 0.001 seconds
Generating 1000 samples for ultrafast bootstrap (seed: 891473)...

NOTE: 2 MB RAM (0 GB) is required!
Estimate model parameters (epsilon = 0.100)
Thoroughly optimizing +I+G parameters from 10 start values...
Init pinv, alpha: 0.000, 1.000 / Estimate: 0.000, 1.057 / LogL: -6205.523
Init pinv, alpha: 0.017, 1.000 / Estimate: 0.080, 1.849 / LogL: -6195.399
Init pinv, alpha: 0.034, 1.000 / Estimate: 0.080, 1.848 / LogL: -6195.401
Init pinv, alpha: 0.051, 1.000 / Estimate: 0.080, 1.852 / LogL: -6195.399
Init pinv, alpha: 0.068, 1.000 / Estimate: 0.080, 1.850 / LogL: -6195.400
Init pinv, alpha: 0.085, 1.000 / Estimate: 0.081, 1.872 / LogL: -6195.393
Init pinv, alpha: 0.102, 1.000 / Estimate: 0.082, 1.883 / LogL: -6195.390
Init pinv, alpha: 0.119, 1.000 / Estimate: 0.082, 1.890 / LogL: -6195.390
Init pinv, alpha: 0.136, 1.000 / Estimate: 0.083, 1.894 / LogL: -6195.392
Init pinv, alpha: 0.153, 1.000 / Estimate: 0.083, 1.897 / LogL: -6195.394
Optimal pinv,alpha: 0.082, 1.883 / LogL: -6195.390

Parameters optimization took 0.988 sec
Computing ML distances based on estimated model parameters... 0.005 sec
Computing BIONJ tree...
0.000 seconds
Log-likelihood of BIONJ tree: -6190.569
--------------------------------------------------------------------
|             INITIALIZING CANDIDATE TREE SET                      |
--------------------------------------------------------------------
Generating 98 parsimony trees... 0.165 second
Computing log-likelihood of 98 initial trees ... 0.667 seconds
Current best score: -6187.287

Do NNI search on 20 best initial trees
Estimate model parameters (epsilon = 0.100)
BETTER TREE FOUND at iteration 1: -6186.934
Estimate model parameters (epsilon = 0.100)
BETTER TREE FOUND at iteration 3: -6183.173
Iteration 10 / LogL: -6191.072 / Time: 0h:0m:2s
Iteration 20 / LogL: -6183.228 / Time: 0h:0m:3s
Finish initializing candidate tree set (6)
Current best tree score: -6183.173 / CPU time: 2.073
Number of iterations: 20
--------------------------------------------------------------------
|               OPTIMIZING CANDIDATE TREE SET                      |
--------------------------------------------------------------------
Iteration 30 / LogL: -6183.365 / Time: 0h:0m:3s (0h:0m:9s left)
Iteration 40 / LogL: -6183.315 / Time: 0h:0m:4s (0h:0m:7s left)
Iteration 50 / LogL: -6183.562 / Time: 0h:0m:5s (0h:0m:5s left)
Log-likelihood cutoff on original alignment: -6209.630
Iteration 60 / LogL: -6183.583 / Time: 0h:0m:6s (0h:0m:4s left)
Iteration 70 / LogL: -6185.295 / Time: 0h:0m:7s (0h:0m:3s left)
Iteration 80 / LogL: -6183.463 / Time: 0h:0m:7s (0h:0m:2s left)
Iteration 90 / LogL: -6183.180 / Time: 0h:0m:8s (0h:0m:1s left)
Iteration 100 / LogL: -6183.333 / Time: 0h:0m:9s (0h:0m:0s left)
Log-likelihood cutoff on original alignment: -6209.685
NOTE: Bootstrap correlation coefficient of split occurrence frequencies: 0.999
TREE SEARCH COMPLETED AFTER 104 ITERATIONS / Time: 0h:0m:9s

--------------------------------------------------------------------
|                    FINALIZING TREE SEARCH                        |
--------------------------------------------------------------------
Performs final model parameters optimization
Estimate model parameters (epsilon = 0.010)
1. Initial log-likelihood: -6183.173
2. Current log-likelihood: -6183.156
Optimal log-likelihood: -6183.151
Rate parameters:  A-C: 3.53929  A-G: 4.85310  A-T: 2.04729  C-G: 4.42638  C-T: 4.85310  G-T: 1.00000
Base frequencies:  A: 0.182  C: 0.300  G: 0.317  T: 0.201
Proportion of invariable sites: 0.078
Gamma shape alpha: 1.739
Parameters optimization took 2 rounds (0.034 sec)
BEST SCORE FOUND : -6183.151
Creating bootstrap support values...
Split supports printed to NEXUS file /opt/jupyterhub/shared_notebooks/m-group/ALI/MG_stuff/RR_bioinformatics/TCSplayground/Alphaproteobacteria_subcluster/CDS/Alphaproteobacteria_subcluster_CDS_REC_model8.afa.splits.nex
Total tree length: 9.614

Total number of iterations: 104
CPU time used for tree search: 8.796 sec (0h:0m:8s)
Wall-clock time used for tree search: 8.806 sec (0h:0m:8s)
Total CPU time used: 9.921 sec (0h:0m:9s)
Total wall-clock time used: 9.932 sec (0h:0m:9s)

Computing bootstrap consensus tree...
Reading input file /opt/jupyterhub/shared_notebooks/m-group/ALI/MG_stuff/RR_bioinformatics/TCSplayground/Alphaproteobacteria_subcluster/CDS/Alphaproteobacteria_subcluster_CDS_REC_model8.afa.splits.nex...
19 taxa and 200 splits.
Consensus tree written to /opt/jupyterhub/shared_notebooks/m-group/ALI/MG_stuff/RR_bioinformatics/TCSplayground/Alphaproteobacteria_subcluster/CDS/Alphaproteobacteria_subcluster_CDS_REC_model8.afa.contree
Reading input trees file /opt/jupyterhub/shared_notebooks/m-group/ALI/MG_stuff/RR_bioinformatics/TCSplayground/Alphaproteobacteria_subcluster/CDS/Alphaproteobacteria_subcluster_CDS_REC_model8.afa.contree
Log-likelihood of consensus tree: -6183.206

Analysis results written to: 
  IQ-TREE report:                /opt/jupyterhub/shared_notebooks/m-group/ALI/MG_stuff/RR_bioinformatics/TCSplayground/Alphaproteobacteria_subcluster/CDS/Alphaproteobacteria_subcluster_CDS_REC_model8.afa.iqtree
  Maximum-likelihood tree:       /opt/jupyterhub/shared_notebooks/m-group/ALI/MG_stuff/RR_bioinformatics/TCSplayground/Alphaproteobacteria_subcluster/CDS/Alphaproteobacteria_subcluster_CDS_REC_model8.afa.treefile
  Likelihood distances:          /opt/jupyterhub/shared_notebooks/m-group/ALI/MG_stuff/RR_bioinformatics/TCSplayground/Alphaproteobacteria_subcluster/CDS/Alphaproteobacteria_subcluster_CDS_REC_model8.afa.mldist

Ultrafast bootstrap approximation results written to:
  Split support values:          /opt/jupyterhub/shared_notebooks/m-group/ALI/MG_stuff/RR_bioinformatics/TCSplayground/Alphaproteobacteria_subcluster/CDS/Alphaproteobacteria_subcluster_CDS_REC_model8.afa.splits.nex
  Consensus tree:                /opt/jupyterhub/shared_notebooks/m-group/ALI/MG_stuff/RR_bioinformatics/TCSplayground/Alphaproteobacteria_subcluster/CDS/Alphaproteobacteria_subcluster_CDS_REC_model8.afa.contree
  Screen log file:               /opt/jupyterhub/shared_notebooks/m-group/ALI/MG_stuff/RR_bioinformatics/TCSplayground/Alphaproteobacteria_subcluster/CDS/Alphaproteobacteria_subcluster_CDS_REC_model8.afa.log

Date and Time: Thu Aug 18 15:24:25 2022
