IQ-TREE multicore version 1.6.12 for Linux 64-bit built Aug 15 2019
Developed by Bui Quang Minh, Nguyen Lam Tung, Olga Chernomor,
Heiko Schmidt, Dominik Schrempf, Michael Woodhams.

Host:    jupyter (AVX, FMA3, 503 GB RAM)
Command: /opt/iqtree/iqtree-1.6.12-Linux/bin/iqtree -s /opt/jupyterhub/shared_notebooks/m-group/ALI/MG_stuff/RR_bioinformatics/TCSplayground/Alphaproteobacteria_subcluster/CDS/Alphaproteobacteria_subcluster_CDS_REC_model13.afa -m TVM+F+I+G4 -o GCF_000169415-1-SSE37_RS08100 -redo -bb 1000
Seed:    630454 (Using SPRNG - Scalable Parallel Random Number Generator)
Time:    Thu Aug 18 15:24:42 2022
Kernel:  AVX+FMA - 1 threads (64 CPU cores detected)

HINT: Use -nt option to specify number of threads because your CPU has 64 cores!
HINT: -nt AUTO will automatically determine the best number of threads to use.

Reading alignment file /opt/jupyterhub/shared_notebooks/m-group/ALI/MG_stuff/RR_bioinformatics/TCSplayground/Alphaproteobacteria_subcluster/CDS/Alphaproteobacteria_subcluster_CDS_REC_model13.afa ... Fasta format detected
Alignment most likely contains DNA/RNA sequences
Alignment has 21 sequences with 441 columns, 354 distinct patterns
286 parsimony-informative, 53 singleton sites, 102 constant sites
                                Gap/Ambiguity  Composition  p-value
   1  GCF_000021325-1-GDIA_RS09815     25.17%    failed      1.59%
   2  GCF_000423645-1-G568_RS0108480   25.17%    passed     11.90%
   3  GCF_000169415-1-SSE37_RS08100    25.17%    passed     15.51%
   4  GCF_900110775-1-BSF79_RS18365    25.17%    failed      0.04%
   5  GCF_000017565-1-PLAV_RS12075     25.17%    passed     98.75%
   6  GCF_000017565-1-PLAV_RS12070     25.17%    passed     41.50%
   7  GCF_000017565-1-PLAV_RS11965     25.17%    passed     43.02%
   8  GCF_000017565-1-PLAV_RS11955     25.17%    passed     34.89%
   9  GCF_000017565-1-PLAV_RS10335     25.17%    passed     90.29%
  10  GCF_000017565-1-PLAV_RS05525     25.17%    passed     16.19%
  11  GCF_001687365-1-ADU59_RS05750    25.17%    passed     54.32%
  12  GCF_000385335-1-A3OQ_RS0103935   25.17%    passed     99.60%
  13  GCF_900168195-1-B5Y19_RS10715    25.17%    failed      3.62%
  14  GCF_900168195-1-B5Y19_RS10675    25.17%    passed     35.52%
  15  GCF_900168195-1-B5Y19_RS10665    25.17%    passed     31.28%
  16  GCF_000374005-1-B152_RS0109090   25.17%    failed      0.05%
  17  GCF_002208825-2-CEP68_RS27755    25.17%    passed     43.62%
  18  GCF_001870665-2-BG454_RS16400    25.17%    passed     64.52%
  19  GCF_001687365-1-ADU59_RS19520    25.17%    passed     93.99%
  20  GCF_000421265-1-K355_RS0119855   25.17%    passed     16.04%
  21  GCF_000374005-1-B152_RS0108145   25.17%    failed      0.00%
****  TOTAL                            25.17%  5 sequences failed composition chi2 test (p-value<5%; df=3)

Create initial parsimony tree by phylogenetic likelihood library (PLL)... 0.002 seconds
Generating 1000 samples for ultrafast bootstrap (seed: 630454)...

NOTE: 2 MB RAM (0 GB) is required!
Estimate model parameters (epsilon = 0.100)
Thoroughly optimizing +I+G parameters from 10 start values...
Init pinv, alpha: 0.000, 1.000 / Estimate: 0.000, 0.999 / LogL: -6912.705
Init pinv, alpha: 0.026, 1.000 / Estimate: 0.083, 1.815 / LogL: -6900.824
Init pinv, alpha: 0.051, 1.000 / Estimate: 0.083, 1.823 / LogL: -6900.818
Init pinv, alpha: 0.077, 1.000 / Estimate: 0.084, 1.843 / LogL: -6900.807
Init pinv, alpha: 0.103, 1.000 / Estimate: 0.085, 1.864 / LogL: -6900.805
Init pinv, alpha: 0.128, 1.000 / Estimate: 0.086, 1.876 / LogL: -6900.808
Init pinv, alpha: 0.154, 1.000 / Estimate: 0.087, 1.883 / LogL: -6900.813
Init pinv, alpha: 0.180, 1.000 / Estimate: 0.086, 1.872 / LogL: -6900.804
Init pinv, alpha: 0.206, 1.000 / Estimate: 0.086, 1.871 / LogL: -6900.807
Init pinv, alpha: 0.231, 1.000 / Estimate: 0.086, 1.870 / LogL: -6900.810
Optimal pinv,alpha: 0.086, 1.872 / LogL: -6900.804

Parameters optimization took 1.185 sec
Computing ML distances based on estimated model parameters... 0.006 sec
Computing BIONJ tree...
0.000 seconds
Log-likelihood of BIONJ tree: -6884.613
--------------------------------------------------------------------
|             INITIALIZING CANDIDATE TREE SET                      |
--------------------------------------------------------------------
Generating 98 parsimony trees... 0.197 second
Computing log-likelihood of 98 initial trees ... 0.784 seconds
Current best score: -6879.887

Do NNI search on 20 best initial trees
Estimate model parameters (epsilon = 0.100)
BETTER TREE FOUND at iteration 1: -6873.492
Iteration 10 / LogL: -6873.498 / Time: 0h:0m:3s
Iteration 20 / LogL: -6875.773 / Time: 0h:0m:3s
Finish initializing candidate tree set (10)
Current best tree score: -6873.492 / CPU time: 2.644
Number of iterations: 20
--------------------------------------------------------------------
|               OPTIMIZING CANDIDATE TREE SET                      |
--------------------------------------------------------------------
Iteration 30 / LogL: -6873.496 / Time: 0h:0m:4s (0h:0m:11s left)
Iteration 40 / LogL: -6875.536 / Time: 0h:0m:5s (0h:0m:8s left)
Iteration 50 / LogL: -6875.023 / Time: 0h:0m:6s (0h:0m:6s left)
Log-likelihood cutoff on original alignment: -6917.123
Iteration 60 / LogL: -6873.748 / Time: 0h:0m:7s (0h:0m:5s left)
Iteration 70 / LogL: -6873.603 / Time: 0h:0m:8s (0h:0m:3s left)
UPDATE BEST LOG-LIKELIHOOD: -6873.492
Iteration 80 / LogL: -6873.492 / Time: 0h:0m:9s (0h:0m:2s left)
Iteration 90 / LogL: -6873.527 / Time: 0h:0m:10s (0h:0m:1s left)
Iteration 100 / LogL: -6875.125 / Time: 0h:0m:11s (0h:0m:0s left)
Log-likelihood cutoff on original alignment: -6912.302
NOTE: Bootstrap correlation coefficient of split occurrence frequencies: 0.999
TREE SEARCH COMPLETED AFTER 102 ITERATIONS / Time: 0h:0m:11s

--------------------------------------------------------------------
|                    FINALIZING TREE SEARCH                        |
--------------------------------------------------------------------
Performs final model parameters optimization
Estimate model parameters (epsilon = 0.010)
1. Initial log-likelihood: -6873.492
2. Current log-likelihood: -6873.480
Optimal log-likelihood: -6873.477
Rate parameters:  A-C: 3.33074  A-G: 4.66975  A-T: 2.01176  C-G: 3.88828  C-T: 4.66975  G-T: 1.00000
Base frequencies:  A: 0.193  C: 0.288  G: 0.312  T: 0.207
Proportion of invariable sites: 0.080
Gamma shape alpha: 1.672
Parameters optimization took 2 rounds (0.035 sec)
BEST SCORE FOUND : -6873.477
Creating bootstrap support values...
Split supports printed to NEXUS file /opt/jupyterhub/shared_notebooks/m-group/ALI/MG_stuff/RR_bioinformatics/TCSplayground/Alphaproteobacteria_subcluster/CDS/Alphaproteobacteria_subcluster_CDS_REC_model13.afa.splits.nex
Total tree length: 10.603

Total number of iterations: 102
CPU time used for tree search: 10.585 sec (0h:0m:10s)
Wall-clock time used for tree search: 10.605 sec (0h:0m:10s)
Total CPU time used: 11.917 sec (0h:0m:11s)
Total wall-clock time used: 11.943 sec (0h:0m:11s)

Computing bootstrap consensus tree...
Reading input file /opt/jupyterhub/shared_notebooks/m-group/ALI/MG_stuff/RR_bioinformatics/TCSplayground/Alphaproteobacteria_subcluster/CDS/Alphaproteobacteria_subcluster_CDS_REC_model13.afa.splits.nex...
21 taxa and 226 splits.
Consensus tree written to /opt/jupyterhub/shared_notebooks/m-group/ALI/MG_stuff/RR_bioinformatics/TCSplayground/Alphaproteobacteria_subcluster/CDS/Alphaproteobacteria_subcluster_CDS_REC_model13.afa.contree
Reading input trees file /opt/jupyterhub/shared_notebooks/m-group/ALI/MG_stuff/RR_bioinformatics/TCSplayground/Alphaproteobacteria_subcluster/CDS/Alphaproteobacteria_subcluster_CDS_REC_model13.afa.contree
Log-likelihood of consensus tree: -6873.477

Analysis results written to: 
  IQ-TREE report:                /opt/jupyterhub/shared_notebooks/m-group/ALI/MG_stuff/RR_bioinformatics/TCSplayground/Alphaproteobacteria_subcluster/CDS/Alphaproteobacteria_subcluster_CDS_REC_model13.afa.iqtree
  Maximum-likelihood tree:       /opt/jupyterhub/shared_notebooks/m-group/ALI/MG_stuff/RR_bioinformatics/TCSplayground/Alphaproteobacteria_subcluster/CDS/Alphaproteobacteria_subcluster_CDS_REC_model13.afa.treefile
  Likelihood distances:          /opt/jupyterhub/shared_notebooks/m-group/ALI/MG_stuff/RR_bioinformatics/TCSplayground/Alphaproteobacteria_subcluster/CDS/Alphaproteobacteria_subcluster_CDS_REC_model13.afa.mldist

Ultrafast bootstrap approximation results written to:
  Split support values:          /opt/jupyterhub/shared_notebooks/m-group/ALI/MG_stuff/RR_bioinformatics/TCSplayground/Alphaproteobacteria_subcluster/CDS/Alphaproteobacteria_subcluster_CDS_REC_model13.afa.splits.nex
  Consensus tree:                /opt/jupyterhub/shared_notebooks/m-group/ALI/MG_stuff/RR_bioinformatics/TCSplayground/Alphaproteobacteria_subcluster/CDS/Alphaproteobacteria_subcluster_CDS_REC_model13.afa.contree
  Screen log file:               /opt/jupyterhub/shared_notebooks/m-group/ALI/MG_stuff/RR_bioinformatics/TCSplayground/Alphaproteobacteria_subcluster/CDS/Alphaproteobacteria_subcluster_CDS_REC_model13.afa.log

Date and Time: Thu Aug 18 15:24:54 2022
